[    0.000000] Initializing cgroup subsys cpuset
[    0.000000] Initializing cgroup subsys cpu
[    0.000000] Initializing cgroup subsys cpuacct
[    0.000000] Linux version 4.4.0-210-generic (buildd@lgw01-amd64-009) (gcc version 5.4.0 20160609 (Ubuntu 5.4.0-6ubuntu1~16.04.12) ) #242-Ubuntu SMP Fri Apr 16 09:57:56 UTC 2021 (Ubuntu 4.4.0-210.242-generic 4.4.262)
[    0.000000] Command line: BOOT_IMAGE=/boot/vmlinuz-4.4.0-210-generic root=LABEL=cloudimg-rootfs ro console=tty1 console=ttyS0
[    0.000000] KERNEL supported cpus:
[    0.000000]   Intel GenuineIntel
[    0.000000]   AMD AuthenticAMD
[    0.000000]   Centaur CentaurHauls
[    0.000000] x86/fpu: xstate_offset[2]:  576, xstate_sizes[2]:  256
[    0.000000] x86/fpu: Supporting XSAVE feature 0x01: 'x87 floating point registers'
[    0.000000] x86/fpu: Supporting XSAVE feature 0x02: 'SSE registers'
[    0.000000] x86/fpu: Supporting XSAVE feature 0x04: 'AVX registers'
[    0.000000] x86/fpu: Enabled xstate features 0x7, context size is 832 bytes, using 'standard' format.
[    0.000000] e820: BIOS-provided physical RAM map:
[    0.000000] BIOS-e820: [mem 0x0000000000000000-0x000000000009fbff] usable
[    0.000000] BIOS-e820: [mem 0x000000000009fc00-0x000000000009ffff] reserved
[    0.000000] BIOS-e820: [mem 0x00000000000f0000-0x00000000000fffff] reserved
[    0.000000] BIOS-e820: [mem 0x0000000000100000-0x000000003ffeffff] usable
[    0.000000] BIOS-e820: [mem 0x000000003fff0000-0x000000003fffffff] ACPI data
[    0.000000] BIOS-e820: [mem 0x00000000fec00000-0x00000000fec00fff] reserved
[    0.000000] BIOS-e820: [mem 0x00000000fee00000-0x00000000fee00fff] reserved
[    0.000000] BIOS-e820: [mem 0x00000000fffc0000-0x00000000ffffffff] reserved
[    0.000000] NX (Execute Disable) protection: active
[    0.000000] SMBIOS 2.5 present.
[    0.000000] Hypervisor detected: KVM
[    0.000000] e820: last_pfn = 0x3fff0 max_arch_pfn = 0x400000000
[    0.000000] MTRR: Disabled
[    0.000000] x86/PAT: MTRRs disabled, skipping PAT initialization too.
[    0.000000] CPU MTRRs all blank - virtualized system.
[    0.000000] x86/PAT: Configuration [0-7]: WB  WT  UC- UC  WB  WT  UC- UC  
[    0.000000] found SMP MP-table at [mem 0x0009fff0-0x0009ffff] mapped at [ffff88000009fff0]
[    0.000000] Scanning 1 areas for low memory corruption
[    0.000000] RAMDISK: [mem 0x362dc000-0x37165fff]
[    0.000000] ACPI: Early table checksum verification disabled
[    0.000000] ACPI: RSDP 0x00000000000E0000 000024 (v02 VBOX  )
[    0.000000] ACPI: XSDT 0x000000003FFF0030 00003C (v01 VBOX   VBOXXSDT 00000001 ASL  00000061)
[    0.000000] ACPI: FACP 0x000000003FFF00F0 0000F4 (v04 VBOX   VBOXFACP 00000001 ASL  00000061)
[    0.000000] ACPI: DSDT 0x000000003FFF0470 002325 (v02 VBOX   VBOXBIOS 00000002 INTL 20100528)
[    0.000000] ACPI: FACS 0x000000003FFF0200 000040
[    0.000000] ACPI: FACS 0x000000003FFF0200 000040
[    0.000000] ACPI: APIC 0x000000003FFF0240 00005C (v02 VBOX   VBOXAPIC 00000001 ASL  00000061)
[    0.000000] ACPI: SSDT 0x000000003FFF02A0 0001CC (v01 VBOX   VBOXCPUT 00000002 INTL 20100528)
[    0.000000] No NUMA configuration found
[    0.000000] Faking a node at [mem 0x0000000000000000-0x000000003ffeffff]
[    0.000000] NODE_DATA(0) allocated [mem 0x3ffeb000-0x3ffeffff]
[    0.000000] kvm-clock: Using msrs 4b564d01 and 4b564d00
[    0.000000] kvm-clock: cpu 0, msr 0:3ffe3001, primary cpu clock
[    0.000000] kvm-clock: using sched offset of 4690633195 cycles
[    0.000000] clocksource: kvm-clock: mask: 0xffffffffffffffff max_cycles: 0x1cd42e4dffb, max_idle_ns: 881590591483 ns
[    0.000000] Zone ranges:
[    0.000000]   DMA      [mem 0x0000000000001000-0x0000000000ffffff]
[    0.000000]   DMA32    [mem 0x0000000001000000-0x000000003ffeffff]
[    0.000000]   Normal   empty
[    0.000000]   Device   empty
[    0.000000] Movable zone start for each node
[    0.000000] Early memory node ranges
[    0.000000]   node   0: [mem 0x0000000000001000-0x000000000009efff]
[    0.000000]   node   0: [mem 0x0000000000100000-0x000000003ffeffff]
[    0.000000] Initmem setup node 0 [mem 0x0000000000001000-0x000000003ffeffff]
[    0.000000] ACPI: PM-Timer IO Port: 0x4008
[    0.000000] IOAPIC[0]: apic_id 2, version 32, address 0xfec00000, GSI 0-23
[    0.000000] ACPI: INT_SRC_OVR (bus 0 bus_irq 0 global_irq 2 dfl dfl)
[    0.000000] ACPI: INT_SRC_OVR (bus 0 bus_irq 9 global_irq 9 low level)
[    0.000000] Using ACPI (MADT) for SMP configuration information
[    0.000000] smpboot: Allowing 2 CPUs, 0 hotplug CPUs
[    0.000000] PM: Registered nosave memory: [mem 0x00000000-0x00000fff]
[    0.000000] PM: Registered nosave memory: [mem 0x0009f000-0x0009ffff]
[    0.000000] PM: Registered nosave memory: [mem 0x000a0000-0x000effff]
[    0.000000] PM: Registered nosave memory: [mem 0x000f0000-0x000fffff]
[    0.000000] e820: [mem 0x40000000-0xfebfffff] available for PCI devices
[    0.000000] Booting paravirtualized kernel on KVM
[    0.000000] clocksource: refined-jiffies: mask: 0xffffffff max_cycles: 0xffffffff, max_idle_ns: 7645519600211568 ns
[    0.000000] setup_percpu: NR_CPUS:512 nr_cpumask_bits:512 nr_cpu_ids:2 nr_node_ids:1
[    0.000000] PERCPU: Embedded 33 pages/cpu @ffff88003fc00000 s95192 r8192 d31784 u1048576
[    0.000000] Built 1 zonelists in Node order, mobility grouping on.  Total pages: 257912
[    0.000000] Policy zone: DMA32
[    0.000000] Kernel command line: BOOT_IMAGE=/boot/vmlinuz-4.4.0-210-generic root=LABEL=cloudimg-rootfs ro console=tty1 console=ttyS0
[    0.000000] PID hash table entries: 4096 (order: 3, 32768 bytes)
[    0.000000] Memory: 997792K/1048120K available (8644K kernel code, 1332K rwdata, 4044K rodata, 1492K init, 1164K bss, 50328K reserved, 0K cma-reserved)
[    0.000000] SLUB: HWalign=64, Order=0-3, MinObjects=0, CPUs=2, Nodes=1
[    0.000000] Kernel/User page tables isolation: enabled
[    0.000000] Hierarchical RCU implementation.
[    0.000000] 	Build-time adjustment of leaf fanout to 64.
[    0.000000] 	RCU restricting CPUs from NR_CPUS=512 to nr_cpu_ids=2.
[    0.000000] RCU: Adjusting geometry for rcu_fanout_leaf=64, nr_cpu_ids=2
[    0.000000] NR_IRQS:33024 nr_irqs:440 16
[    0.000000] Console: colour VGA+ 80x25
[    0.000000] console [tty1] enabled
[    0.000000] console [ttyS0] enabled
[    0.000000] tsc: Detected 2207.996 MHz processor
[    0.459908] Calibrating delay loop (skipped) preset value.. 4415.99 BogoMIPS (lpj=8831984)
[    0.466421] pid_max: default: 32768 minimum: 301
[    0.470026] ACPI: Core revision 20150930
[    0.479235] ACPI: 2 ACPI AML tables successfully acquired and loaded
[    0.485459] Security Framework initialized
[    0.488920] Yama: becoming mindful.
[    0.491900] AppArmor: AppArmor initialized
[    0.495125] Dentry cache hash table entries: 131072 (order: 8, 1048576 bytes)
[    0.501496] Inode-cache hash table entries: 65536 (order: 7, 524288 bytes)
[    0.506512] Mount-cache hash table entries: 2048 (order: 2, 16384 bytes)
[    0.510778] Mountpoint-cache hash table entries: 2048 (order: 2, 16384 bytes)
[    0.517124] Initializing cgroup subsys io
[    0.522074] Initializing cgroup subsys memory
[    0.528885] Initializing cgroup subsys devices
[    0.532132] Initializing cgroup subsys freezer
[    0.535509] Initializing cgroup subsys net_cls
[    0.539080] Initializing cgroup subsys perf_event
[    0.541821] Initializing cgroup subsys net_prio
[    0.543988] Initializing cgroup subsys hugetlb
[    0.546786] Initializing cgroup subsys pids
[    0.550768] mce: CPU supports 0 MCE banks
[    0.553085] Last level iTLB entries: 4KB 64, 2MB 8, 4MB 8
[    0.556805] Last level dTLB entries: 4KB 64, 2MB 0, 4MB 0, 1GB 4
[    0.559884] Spectre V1 : Mitigation: usercopy/swapgs barriers and __user pointer sanitization
[    0.565058] Spectre V2 : Mitigation: Full generic retpoline
[    0.567632] Spectre V2 : Spectre v2 / SpectreRSB mitigation: Filling RSB on context switch
[    0.571825] Speculative Store Bypass: Vulnerable
[    0.574053] SRBDS: Unknown: Dependent on hypervisor status
[    0.577259] MDS: Mitigation: Clear CPU buffers
[    0.587987] Freeing SMP alternatives memory: 36K
[    0.606281] ftrace: allocating 32380 entries in 127 pages
[    0.763069] smpboot: APIC(0) Converting physical 0 to logical package 0
[    0.767445] smpboot: Max logical packages: 1
[    0.771696] x2apic enabled
[    0.774613] Switched APIC routing to physical x2apic.
[    0.782068] ..TIMER: vector=0x30 apic1=0 pin1=2 apic2=-1 pin2=-1
[    0.894705] smpboot: CPU0: Intel(R) Core(TM) i7-8750H CPU @ 2.20GHz (family: 0x6, model: 0x9e, stepping: 0xa)
[    0.899735] Performance Events: unsupported p6 CPU model 158 no PMU driver, software events only.
[    0.922581] KVM setup paravirtual spinlock
[    0.927610] x86: Booting SMP configuration:
[    0.930605] .... node  #0, CPUs:      #1
[    0.933827] kvm-clock: cpu 1, msr 0:3ffe3041, secondary cpu clock
[    0.939524] mce: CPU supports 0 MCE banks
[    0.944441] x86: Booted up 1 node, 2 CPUs
[    0.949962] smpboot: Total of 2 processors activated (8831.98 BogoMIPS)
[    0.956309] devtmpfs: initialized
[    0.963404] evm: security.selinux
[    0.965979] evm: security.SMACK64
[    0.968598] evm: security.SMACK64EXEC
[    0.971598] evm: security.SMACK64TRANSMUTE
[    0.974466] evm: security.SMACK64MMAP
[    0.977152] evm: security.ima
[    0.979726] evm: security.capability
[    0.983360] clocksource: jiffies: mask: 0xffffffff max_cycles: 0xffffffff, max_idle_ns: 7645041785100000 ns
[    0.990558] futex hash table entries: 512 (order: 3, 32768 bytes)
[    0.995207] pinctrl core: initialized pinctrl subsystem
[    0.999892] RTC time: 19:55:02, date: 03/23/22
[    1.003306] NET: Registered protocol family 16
[    1.017454] cpuidle: using governor ladder
[    1.033337] cpuidle: using governor menu
[    1.036618] PCCT header not found.
[    1.039378] ACPI: bus type PCI registered
[    1.042467] acpiphp: ACPI Hot Plug PCI Controller Driver version: 0.5
[    1.047365] PCI: Using configuration type 1 for base access
[    1.065174] ACPI: Added _OSI(Module Device)
[    1.068063] ACPI: Added _OSI(Processor Device)
[    1.072015] ACPI: Added _OSI(3.0 _SCP Extensions)
[    1.075469] ACPI: Added _OSI(Processor Aggregator Device)
[    1.080979] ACPI: Executed 1 blocks of module-level executable AML code
[    1.092801] ACPI: Interpreter enabled
[    1.095513] ACPI: (supports S0 S5)
[    1.105411] ACPI: Using IOAPIC for interrupt routing
[    1.109387] PCI: Using host bridge windows from ACPI; if necessary, use "pci=nocrs" and report a bug
[    1.131697] ACPI: PCI Root Bridge [PCI0] (domain 0000 [bus 00-ff])
[    1.136196] acpi PNP0A03:00: _OSC: OS supports [ASPM ClockPM Segments MSI]
[    1.141854] acpi PNP0A03:00: _OSC: not requesting OS control; OS requires [ExtendedConfig ASPM ClockPM MSI]
[    1.150082] acpi PNP0A03:00: fail to add MMCONFIG information, can't access extended PCI configuration space under this bridge.
[    1.158867] PCI host bridge to bus 0000:00
[    1.161842] pci_bus 0000:00: root bus resource [io  0x0000-0x0cf7 window]
[    1.166172] pci_bus 0000:00: root bus resource [io  0x0d00-0xffff window]
[    1.170309] pci_bus 0000:00: root bus resource [mem 0x000a0000-0x000bffff window]
[    1.175524] pci_bus 0000:00: root bus resource [mem 0x40000000-0xfdffffff window]
[    1.181301] pci_bus 0000:00: root bus resource [bus 00-ff]
[    1.190702] pci 0000:00:01.1: legacy IDE quirk: reg 0x10: [io  0x01f0-0x01f7]
[    1.195450] pci 0000:00:01.1: legacy IDE quirk: reg 0x14: [io  0x03f6]
[    1.205980] pci 0000:00:01.1: legacy IDE quirk: reg 0x18: [io  0x0170-0x0177]
[    1.244733] pci 0000:00:01.1: legacy IDE quirk: reg 0x1c: [io  0x0376]
[    1.279420] pci 0000:00:07.0: quirk: [io  0x4000-0x403f] claimed by PIIX4 ACPI
[    1.285846] pci 0000:00:07.0: quirk: [io  0x4100-0x410f] claimed by PIIX4 SMB
[    1.307207] ACPI: PCI Interrupt Link [LNKA] (IRQs 5 9 10 *11)
[    1.316064] ACPI: PCI Interrupt Link [LNKB] (IRQs 5 9 *10 11)
[    1.321998] ACPI: PCI Interrupt Link [LNKC] (IRQs 5 *9 10 11)
[    1.327066] ACPI: PCI Interrupt Link [LNKD] (IRQs 5 9 10 *11)
[    1.332352] ACPI: Enabled 2 GPEs in block 00 to 07
[    1.336772] vgaarb: setting as boot device: PCI:0000:00:02.0
[    1.340911] vgaarb: device added: PCI:0000:00:02.0,decodes=io+mem,owns=io+mem,locks=none
[    1.346524] vgaarb: loaded
[    1.349055] vgaarb: bridge control possible 0000:00:02.0
[    1.353927] SCSI subsystem initialized
[    1.362239] ACPI: bus type USB registered
[    1.365416] usbcore: registered new interface driver usbfs
[    1.368930] usbcore: registered new interface driver hub
[    1.372472] usbcore: registered new device driver usb
[    1.376961] PCI: Using ACPI for IRQ routing
[    1.381247] NetLabel: Initializing
[    1.384058] NetLabel:  domain hash size = 128
[    1.387122] NetLabel:  protocols = UNLABELED CIPSOv4
[    1.390634] NetLabel:  unlabeled traffic allowed by default
[    1.394650] amd_nb: Cannot enumerate AMD northbridges
[    1.398403] clocksource: Switched to clocksource kvm-clock
[    1.416277] AppArmor: AppArmor Filesystem Enabled
[    1.419794] pnp: PnP ACPI init
[    1.424647] pnp: PnP ACPI: found 3 devices
[    1.434884] clocksource: acpi_pm: mask: 0xffffff max_cycles: 0xffffff, max_idle_ns: 2085701024 ns
[    1.440777] NET: Registered protocol family 2
[    1.444048] TCP established hash table entries: 8192 (order: 4, 65536 bytes)
[    1.448644] TCP bind hash table entries: 8192 (order: 5, 131072 bytes)
[    1.451432] TCP: Hash tables configured (established 8192 bind 8192)
[    1.454664] UDP hash table entries: 512 (order: 2, 16384 bytes)
[    1.457553] UDP-Lite hash table entries: 512 (order: 2, 16384 bytes)
[    1.460317] NET: Registered protocol family 1
[    1.462516] pci 0000:00:00.0: Limiting direct PCI/PCI transfers
[    1.465384] pci 0000:00:01.0: Activating ISA DMA hang workarounds
[    1.468592] Unpacking initramfs...
[    2.010157] Freeing initrd memory: 14888K
[    2.013744] clocksource: tsc: mask: 0xffffffffffffffff max_cycles: 0x1fd3b426a0c, max_idle_ns: 440795203300 ns
[    2.021469] platform rtc_cmos: registered platform RTC device (no PNP device found)
[    2.027057] Scanning for low memory corruption every 60 seconds
[    2.031456] audit: initializing netlink subsys (disabled)
[    2.035154] audit: type=2000 audit(1648065309.247:1): initialized
[    2.039807] Initialise system trusted keyring
[    2.042949] HugeTLB registered 2 MB page size, pre-allocated 0 pages
[    2.051300] zbud: loaded
[    2.054610] VFS: Disk quotas dquot_6.6.0
[    2.057684] VFS: Dquot-cache hash table entries: 512 (order 0, 4096 bytes)
[    2.062686] squashfs: version 4.0 (2009/01/31) Phillip Lougher
[    2.067007] fuse init (API version 7.23)
[    2.070588] Key type big_key registered
[    2.073426] Allocating IMA MOK and blacklist keyrings.
[    2.078921] Key type asymmetric registered
[    2.082423] Asymmetric key parser 'x509' registered
[    2.086288] Block layer SCSI generic (bsg) driver version 0.4 loaded (major 249)
[    2.091937] io scheduler noop registered
[    2.094830] io scheduler deadline registered (default)
[    2.098409] io scheduler cfq registered
[    2.101557] pci_hotplug: PCI Hot Plug PCI Core version: 0.5
[    2.105494] pciehp: PCI Express Hot Plug Controller Driver version: 0.4
[    2.109893] ACPI: AC Adapter [AC] (off-line)
[    2.113413] input: Power Button as /devices/LNXSYSTM:00/LNXPWRBN:00/input/input0
[    2.120681] ACPI: Power Button [PWRF]
[    2.123692] input: Sleep Button as /devices/LNXSYSTM:00/LNXSLPBN:00/input/input1
[    2.129219] ACPI: Sleep Button [SLPF]
[    2.132398] GHES: HEST is not enabled!
[    2.134469] ACPI: Battery Slot [BAT0] (battery present)
[    2.140100] Serial: 8250/16550 driver, 32 ports, IRQ sharing enabled
[    2.166342] 00:02: ttyS0 at I/O 0x3f8 (irq = 4, base_baud = 115200) is a 16550A
[    2.174388] Linux agpgart interface v0.103
[    2.181403] loop: module loaded
[    2.185244] scsi host0: ata_piix
[    2.187847] scsi host1: ata_piix
[    2.190154] ata1: PATA max UDMA/33 cmd 0x1f0 ctl 0x3f6 bmdma 0xd000 irq 14
[    2.194087] ata2: PATA max UDMA/33 cmd 0x170 ctl 0x376 bmdma 0xd008 irq 15
[    2.199090] libphy: Fixed MDIO Bus: probed
[    2.201420] tun: Universal TUN/TAP device driver, 1.6
[    2.204438] tun: (C) 1999-2004 Max Krasnyansky <maxk@qualcomm.com>
[    2.207662] PPP generic driver version 2.4.2
[    2.210181] ehci_hcd: USB 2.0 'Enhanced' Host Controller (EHCI) Driver
[    2.213834] ehci-pci: EHCI PCI platform driver
[    2.216758] ehci-platform: EHCI generic platform driver
[    2.219840] ohci_hcd: USB 1.1 'Open' Host Controller (OHCI) Driver
[    2.223331] ohci-pci: OHCI PCI platform driver
[    2.226279] ohci-platform: OHCI generic platform driver
[    2.229812] uhci_hcd: USB Universal Host Controller Interface driver
[    2.233967] i8042: PNP: PS/2 Controller [PNP0303:PS2K,PNP0f03:PS2M] at 0x60,0x64 irq 1,12
[    2.240548] serio: i8042 KBD port at 0x60,0x64 irq 1
[    2.243939] serio: i8042 AUX port at 0x60,0x64 irq 12
[    2.248261] mousedev: PS/2 mouse device common for all mice
[    2.254100] input: AT Translated Set 2 keyboard as /devices/platform/i8042/serio0/input/input2
[    2.260221] rtc_cmos rtc_cmos: rtc core: registered rtc_cmos as rtc0
[    2.264516] rtc_cmos rtc_cmos: alarms up to one day, 114 bytes nvram
[    2.268781] i2c /dev entries driver
[    2.271419] device-mapper: uevent: version 1.0.3
[    2.274656] device-mapper: ioctl: 4.34.0-ioctl (2015-10-28) initialised: dm-devel@redhat.com
[    2.280884] ledtrig-cpu: registered to indicate activity on CPUs
[    2.285994] NET: Registered protocol family 10
[    2.289887] NET: Registered protocol family 17
[    2.293395] Key type dns_resolver registered
[    2.297784] registered taskstats version 1
[    2.300786] Loading compiled-in X.509 certificates
[    2.305384] Loaded X.509 cert 'Build time autogenerated kernel key: cf00e047681d67edb2720680708b7d9498083038'
[    2.312524] zswap: loaded using pool lzo/zbud
[    2.321208] Key type trusted registered
[    2.331690] Key type encrypted registered
[    2.334419] AppArmor: AppArmor sha1 policy hashing enabled
[    2.338324] ima: No TPM chip found, activating TPM-bypass!
[    2.342031] ima: Allocated hash algorithm: sha1
[    2.345220] evm: HMAC attrs: 0x1
[    2.349524]   Magic number: 14:616:951
[    2.352752] tty tty8: hash matches
[    2.355406] memory memory4: hash matches
[    2.371707] rtc_cmos rtc_cmos: setting system clock to 2022-03-23 19:55:04 UTC (1648065304)
[    2.387183] BIOS EDD facility v0.16 2004-Jun-25, 0 devices found
[    2.391399] EDD information not available.
[    2.395410] Freeing unused kernel memory: 1492K
[    2.397608] Write protecting the kernel read-only data: 14336k
[    2.401414] Freeing unused kernel memory: 1584K
[    2.403949] Freeing unused kernel memory: 52K
Loading, please wait...
starting version 229
[    2.430184] random: systemd-udevd: uninitialized urandom read (16 bytes read, 5 bits of entropy available)
[    2.431403] random: udevadm: uninitialized urandom read (16 bytes read, 5 bits of entropy available)
[    2.431432] random: udevadm: uninitialized urandom read (16 bytes read, 5 bits of entropy available)
[    2.447579] random: systemd-udevd: uninitialized urandom read (16 bytes read, 5 bits of entropy available)
[    2.448471] random: udevadm: uninitialized urandom read (16 bytes read, 5 bits of entropy available)
[    2.448535] random: udevadm: uninitialized urandom read (16 bytes read, 5 bits of entropy available)
[    2.448752] random: udevadm: uninitialized urandom read (16 bytes read, 5 bits of entropy available)
[    2.448890] random: udevadm: uninitialized urandom read (16 bytes read, 5 bits of entropy available)
[    2.448972] random: udevadm: uninitialized urandom read (16 bytes read, 5 bits of entropy available)
[    2.449051] random: udevadm: uninitialized urandom read (16 bytes read, 5 bits of entropy available)
[    2.571457] Fusion MPT base driver 3.04.20
[    2.575163] Copyright (c) 1999-2008 LSI Corporation
[    2.579382] e1000: Intel(R) PRO/1000 Network Driver - version 7.3.21-k8-NAPI
[    2.586068] e1000: Copyright (c) 1999-2006 Intel Corporation.
[    2.637507] AVX2 version of gcm_enc/dec engaged.
[    2.641955] AES CTR mode by8 optimization enabled
[    2.668799] Fusion MPT SPI Host driver 3.04.20
[    2.806906] input: ImExPS/2 Generic Explorer Mouse as /devices/platform/i8042/serio1/input/input4
[    3.149514] e1000 0000:00:03.0 eth0: (PCI:33MHz:32-bit) 02:be:82:6b:cc:1d
[    3.153823] e1000 0000:00:03.0 eth0: Intel(R) PRO/1000 Network Connection
[    3.682888] e1000 0000:00:08.0 eth1: (PCI:33MHz:32-bit) 08:00:27:94:fa:64
[    3.689663] e1000 0000:00:08.0 eth1: Intel(R) PRO/1000 Network Connection
[    3.703748] e1000 0000:00:03.0 enp0s3: renamed from eth0
[    3.710233] mptbase: ioc0: Initiating bringup
[    3.722927] e1000 0000:00:08.0 enp0s8: renamed from eth1
[    4.027612] ioc0: LSI53C1030 A0: Capabilities={Initiator}
[    5.322481] scsi host2: ioc0: LSI53C1030 A0, FwRev=00000000h, Ports=1, MaxQ=256, IRQ=20
[    6.695890] scsi 2:0:0:0: Direct-Access     VBOX     HARDDISK         1.0  PQ: 0 ANSI: 5
[    6.706061] scsi target2:0:0: Beginning Domain Validation
[    6.719398] scsi target2:0:0: Domain Validation skipping write tests
[    6.725572] scsi target2:0:0: Ending Domain Validation
[    6.731756] scsi target2:0:0: asynchronous
[    6.795995] scsi 2:0:1:0: Direct-Access     VBOX     HARDDISK         1.0  PQ: 0 ANSI: 5
[    6.804597] scsi target2:0:1: Beginning Domain Validation
[    6.816587] scsi target2:0:1: Domain Validation skipping write tests
[    6.824174] scsi target2:0:1: Ending Domain Validation
[    6.831667] scsi target2:0:1: asynchronous
[    6.859980] sd 2:0:0:0: Attached scsi generic sg0 type 0
[    6.860615] sd 2:0:0:0: [sda] 83886080 512-byte logical blocks: (42.9 GB/40.0 GiB)
[    6.861338] sd 2:0:0:0: [sda] Write Protect is off
[    6.861962] sd 2:0:0:0: [sda] Incomplete mode parameter data
[    6.861968] sd 2:0:0:0: [sda] Assuming drive cache: write through
[    6.869345]  sda: sda1
[    6.873003] sd 2:0:0:0: [sda] Attached SCSI disk
[    6.905053] sd 2:0:1:0: [sdb] 20480 512-byte logical blocks: (10.5 MB/10.0 MiB)
[    6.913409] sd 2:0:1:0: Attached scsi generic sg1 type 0
[    6.919938] sd 2:0:1:0: [sdb] Write Protect is off
[    6.925362] sd 2:0:1:0: [sdb] Incomplete mode parameter data
[    6.933082] sd 2:0:1:0: [sdb] Assuming drive cache: write through
[    6.949631] sd 2:0:1:0: [sdb] Attached SCSI disk
Begin: Loading essential drivers ... [    9.108282] md: linear personality registered for level -1
[    9.118281] md: multipath personality registered for level -4
[    9.127194] md: raid0 personality registered for level 0
[    9.138372] md: raid1 personality registered for level 1
[    9.218528] raid6: sse2x1   gen()  4419 MB/s
[    9.286498] raid6: sse2x1   xor()  3026 MB/s
[    9.354558] raid6: sse2x2   gen()  5363 MB/s
[    9.422483] raid6: sse2x2   xor()  3723 MB/s
[    9.490524] raid6: sse2x4   gen()  4852 MB/s
[    9.558493] raid6: sse2x4   xor()  4974 MB/s
[    9.626472] raid6: avx2x1   gen() 10714 MB/s
[    9.694527] raid6: avx2x2   gen()  9838 MB/s
[    9.762513] raid6: avx2x4   gen() 10469 MB/s
[    9.765615] raid6: using algorithm avx2x1 gen() 10714 MB/s
[    9.769354] raid6: using avx2x2 recovery algorithm
[    9.776212] xor: automatically using best checksumming function:
[    9.818552]    avx       :  9536.000 MB/sec
[    9.824106] async_tx: api initialized (async)
[    9.849079] md: raid6 personality registered for level 6
[    9.851994] md: raid5 personality registered for level 5
[    9.854023] md: raid4 personality registered for level 4
[    9.864545] md: raid10 personality registered for level 10
done.
Begin: Running /scripts/init-premount ... done.
Begin: Mounting root file system ... Begin: Running /scripts/local-top ... done.
Begin: Running /scripts/local-premount ... [    9.921238] Btrfs loaded
Scanning for Btrfs filesystems
done.
Warning: fsck not present, so skipping root file system
[    9.969078] EXT4-fs (sda1): mounted filesystem with ordered data mode. Opts: (null)
done.
Begin: Running /scripts/local-bottom ... done.
Begin: Running /scripts/init-bottom ... done.
[   10.183867] systemd[1]: systemd 229 running in system mode. (+PAM +AUDIT +SELINUX +IMA +APPARMOR +SMACK +SYSVINIT +UTMP +LIBCRYPTSETUP +GCRYPT +GNUTLS +ACL +XZ -LZ4 +SECCOMP +BLKID +ELFUTILS +KMOD -IDN)
[   10.196475] systemd[1]: Detected virtualization oracle.
[   10.199996] systemd[1]: Detected architecture x86-64.

Welcome to [1mUbuntu 16.04.7 LTS[0m!

[   10.209403] systemd[1]: Set hostname to <ubuntu>.
[   10.218010] systemd[1]: Initializing machine ID from random generator.
[   10.223789] systemd[1]: Installed transient /etc/machine-id file.
[   10.527671] systemd[1]: Listening on LVM2 poll daemon socket.
[[0;32m  OK  [0m] Listening on LVM2 poll daemon socket.
[   10.533810] systemd[1]: Started Forward Password Requests to Wall Directory Watch.
[[0;32m  OK  [0m] Started Forward Password Requests to Wall Directory Watch.
[   10.541081] systemd[1]: Listening on udev Control Socket.
[[0;32m  OK  [0m] Listening on udev Control Socket.
[   10.551497] systemd[1]: Set up automount Arbitrary Executable File Formats File System Automount Point.
[[0;32m  OK  [0m] Set up automount Arbitrary Executab...ats File System Automount Point.
[   10.563922] systemd[1]: Created slice User and Session Slice.
[[0;32m  OK  [0m] Created slice User and Session Slice.
[   10.575102] systemd[1]: Reached target Swap.
[[0;32m  OK  [0m] Reached target Swap.
[   10.578762] systemd[1]: Reached target User and Group Name Lookups.
[[0;32m  OK  [0m] Reached target User and Group Name Lookups.
[   10.591645] systemd[1]: Listening on udev Kernel Socket.
[[0;32m  OK  [0m] Listening on udev Kernel Socket.
[   10.604581] systemd[1]: Created slice System Slice.
[[0;32m  OK  [0m] Created slice System Slice.
[   10.616026] systemd[1]: Listening on Journal Socket.
[[0;32m  OK  [0m] Listening on Journal Socket.
[   10.655112] systemd[1]: Starting Load Kernel Modules...
         Starting Load Kernel Modules...
[   10.671155] systemd[1]: Starting Uncomplicated firewall...
         Starting Uncomplicated firewall...
[   10.686841] systemd[1]: Mounting POSIX Message Queue File System...
[   10.695976] Loading iSCSI transport class v2.0-870.
         Mounting POSIX Message Queue File System...
[   10.713303] systemd[1]: Starting Create list of required static device nodes for the current kernel...
         Starting Create list of required st... nodes for the current kernel...
[   10.738646] systemd[1]: Listening on Journal Audit Socket.
[[0;32m  OK  [0m] Listening on Journal Audit Socket.
[   10.751743] systemd[1]: Listening on /dev/initctl Compatibility Named Pipe.
[   10.762187] iscsi: registered transport (tcp)
[[0;32m  OK  [0m] Listening on /dev/initctl Compatibility Named Pipe.
[   10.772924] systemd[1]: Reached target Encrypted Volumes.
[[0;32m  OK  [0m] Reached target Encrypted Volumes.
[   10.803262] systemd[1]: Mounting Debug File System...
         Mounting Debug File System...
[   10.822681] systemd[1]: Starting Set console keymap...
         Starting Set console keymap...
[   10.846249] systemd[1]: Starting Nameserver information manager...
         Starting Nameserver information manager...
[   10.868746] systemd[1]: Reached target System Time Synchronized.
[[0;32m  OK  [0m[   10.879199] random: nonblocking pool is initialized
] Reached target System Time Synchronized.
[   10.890871] systemd[1]: Listening on LVM2 metadata daemon socket.
[[0;32m  OK  [0m] Listening on LVM2 metadata daemon socket.
[   10.914431] iscsi: registered transport (iser)
[   10.930773] systemd[1]: Mounting Huge Pages File System...
         Mounting Huge Pages File System...
[   10.943239] systemd[1]: Reached target Slices.
[[0;32m  OK  [0m] Reached target Slices.
[   10.958330] systemd[1]: Listening on Journal Socket (/dev/log).
[[0;32m  OK  [0m] Listening on Journal Socket (/dev/log).
[   10.971354] systemd[1]: Listening on fsck to fsckd communication Socket.
[[0;32m  OK  [0m] Listening on fsck to fsckd communication Socket.
[   11.007937] systemd[1]: Starting File System Check on Root Device...
         Starting File System Check on Root Device...
[   11.027260] systemd[1]: Listening on Syslog Socket.
[[0;32m  OK  [0m] Listening on Syslog Socket.
[   11.045776] systemd[1]: Starting Journal Service...
         Starting Journal Service...
[   11.064789] systemd[1]: Listening on Device-mapper event daemon FIFOs.
[[0;32m  OK  [0m] Listening on Device-mapper event daemon FIFOs.
[   11.099279] systemd[1]: Starting Monitoring of LVM2 mirrors, snapshots etc. using dmeventd or progress polling...
         Starting Monitoring of LVM2 mirrors... dmeventd or progress polling...
[   11.130406] systemd[1]: Started Trigger resolvconf update for networkd DNS.
[[0;32m  OK  [0m] Started Trigger resolvconf update for networkd DNS.
[   11.157419] systemd[1]: Created slice system-serial\x2dgetty.slice.
[[0;32m  OK  [0m] Created slice system-serial\x2dgetty.slice.
[   11.203326] systemd[1]: Mounted Huge Pages File System.
[[0;32m  OK  [0m] Mounted Huge Pages File System.
[   11.224898] systemd[1]: Mounted POSIX Message Queue File System.
[[0;32m  OK  [0m] Mounted POSIX Message Queue File System.
[   11.237694] systemd[1]: Mounted Debug File System.
[[0;32m  OK  [0m] Mounted Debug File System.
[   11.249803] systemd[1]: Started Journal Service.
[[0;32m  OK  [0m] Started Journal Service.
[[0;32m  OK  [0m] Started Load Kernel Modules.
[[0;32m  OK  [0m] Started Uncomplicated firewall.
[[0;32m  OK  [0m] Started Create list of required sta...ce nodes for the current kernel.
[[0;32m  OK  [0m] Started File System Check on Root Device.
[[0;32m  OK  [0m] Started Nameserver information manager.
[[0;32m  OK  [0m] Started LVM2 metadata daemon.
[[0;32m  OK  [0m] Started File System Check Daemon to report status.
         Starting Remount Root and Kernel File Systems...
         Starting Create Static Device Nodes in /dev...
         Starting Apply Kernel Variables...
[   11.408309] EXT4-fs (sda1): re-mounted. Opts: (null)
         Mounting FUSE Control File System...
[[0;32m  OK  [0m] Started Set console keymap.
[[0;32m  OK  [0m] Started Remount Root and Kernel File Systems.
[[0;32m  OK  [0m] Mounted FUSE Control File System.
         Starting udev Coldplug all Devices...
         Starting Flush Journal to Persistent Storage...
         Starting Load/Save Random Seed...
[[0;32m  OK  [0m] Started Apply Kernel Variables.
[[0;32m  OK  [0m] Started Load/Save Random Seed.
[[0;32m  OK  [0m] Started Create Static Device Nodes in /dev.
         Starting udev Kernel Device Manager...
[[0;32m  OK  [0m] Started Flush Journal to Persistent Storage.
[[0;32m  OK  [0m] Started Monitoring of LVM2 mirrors,...ng dmeventd or progress polling.
[[0;32m  OK  [0m] Reached target Local File Systems (Pre).
[[0;32m  OK  [0m] Reached target Local File Systems.
         Starting Initial cloud-init job (pre-networking)...
         Starting Create Volatile Files and Directories...
         Starting Commit a transient machine-id on disk...
         Starting LSB: AppArmor initialization...
         Starting Tell Plymouth To Write Out Runtime Data...
         Starting Set console font and keymap...
[[0;32m  OK  [0m] Started Tell Plymouth To Write Out Runtime Data.
[[0;32m  OK  [0m] Started Create Volatile Files and Directories.
[[0;32m  OK  [0m] Started Commit a transient machine-id on disk.
         Starting Update UTMP about System Boot/Shutdown...
[[0;32m  OK  [0m] Started udev Kernel Device Manager.
[[0;32m  OK  [0m] Started Update UTMP about System Boot/Shutdown.
[[0;32m  OK  [0m] Started udev Coldplug all Devices.
[[0;32m  OK  [0m] Started Dispatch Password Requests to Console Directory Watch.
[[0;32m  OK  [0m] Found device /dev/ttyS0.
[[0;32m  OK  [0m] Listening on Load/Save RF Kill Switch Status /dev/rfkill Watch.
[   15.741852] cloud-init[483]: Cloud-init v. 21.1-19-gbad84ad4-0ubuntu1~16.04.2 running 'init-local' at Wed, 23 Mar 2022 19:55:16 +0000. Up 13.86 seconds.
[[0;32m  OK  [0m] Started Initial cloud-init job (pre-networking).
[[0;32m  OK  [0m] Reached target Network (Pre).
[[0;32m  OK  [0m] Started Set console font and keymap.
[[0;32m  OK  [0m] Created slice system-getty.slice.
[[0;32m  OK  [0m] Started LSB: AppArmor initialization.
         Starting Raise network interfaces...
         Starting Load AppArmor profiles managed internally by snapd...
[[0;32m  OK  [0m] Started Load AppArmor profiles managed internally by snapd.
[[0;32m  OK  [0m] Started Raise network interfaces.
[[0;32m  OK  [0m] Reached target Network.
         Starting Initial cloud-init job (metadata service crawler)...
[   22.201812] cloud-init[977]: Cloud-init v. 21.1-19-gbad84ad4-0ubuntu1~16.04.2 running 'init' at Wed, 23 Mar 2022 19:55:23 +0000. Up 20.39 seconds.
[   22.205681] cloud-init[977]: ci-info: ++++++++++++++++++++++++++++++++++++++Net device info+++++++++++++++++++++++++++++++++++++++
[   22.216979] cloud-init[977]: ci-info: +--------+-------+----------------------------+---------------+--------+-------------------+
[   22.221677] cloud-init[977]: ci-info: | Device |   Up  |          Address           |      Mask     | Scope  |     Hw-Address    |
[   22.226146] cloud-init[977]: ci-info: +--------+-------+----------------------------+---------------+--------+-------------------+
[   22.230534] cloud-init[977]: ci-info: | enp0s3 |  True |         10.0.2.15          | 255.255.255.0 | global | 02:be:82:6b:cc:1d |
[   22.234919] cloud-init[977]: ci-info: | enp0s3 |  True | fe80::be:82ff:fe6b:cc1d/64 |       .       |  link  | 02:be:82:6b:cc:1d |
[   22.245079] cloud-init[977]: ci-info: | enp0s8 | False |             .              |       .       |   .    | 08:00:27:94:fa:64 |
[   22.249183] cloud-init[977]: ci-info: |   lo   |  True |         127.0.0.1          |   255.0.0.0   |  host  |         .         |
[   22.260997] cloud-init[977]: ci-info: |   lo   |  True |          ::1/128           |       .       |  host  |         .         |
[   22.264918] cloud-init[977]: ci-info: +--------+-------+----------------------------+---------------+--------+-------------------+
[   22.269323] cloud-init[977]: ci-info: +++++++++++++++++++++++++++Route IPv4 info++++++++++++++++++++++++++++
[   22.274580] cloud-init[977]: ci-info: +-------+-------------+----------+---------------+-----------+-------+
[   22.278412] cloud-init[977]: ci-info: | Route | Destination | Gateway  |    Genmask    | Interface | Flags |
[   22.281895] cloud-init[977]: ci-info: +-------+-------------+----------+---------------+-----------+-------+
[   22.285789] cloud-init[977]: ci-info: |   0   |   0.0.0.0   | 10.0.2.2 |    0.0.0.0    |   enp0s3  |   UG  |
[   22.297028] cloud-init[977]: ci-info: |   1   |   10.0.2.0  | 0.0.0.0  | 255.255.255.0 |   enp0s3  |   U   |
[   22.309027] cloud-init[977]: ci-info: +-------+-------------+----------+---------------+-----------+-------+
[   22.320956] cloud-init[977]: ci-info: +++++++++++++++++++Route IPv6 info+++++++++++++++++++
[[0;32m  OK  [0m] Started Initial cloud-init job (metadata service crawler).
[[0;32m  OK  [0m] Reached target Network is Online.
[   22.324370] cloud-init[977]: ci-info: +-------+-------------+---------+-----------+-------+
[   22.333613] cloud-init[977]: ci-info: | Route | Destination | Gateway | Interface | Flags |
         Starting iSCSI initiator daemon (iscsid)...
[   22.348343] cloud-init[977]: ci-info: +-------+-------------+---------+-----------+-------+
[   22.356532] cloud-init[977]: ci-info: |   0   |  fe80::/64  |    ::   |   enp0s3  |   U   |
[   22.357249] cloud-init[977]: ci-info: |   4   |   ff00::/8  |    ::   |   enp0s3  |   U   |
[   22.357446] cloud-init[977]: ci-info: +-------+-------------+---------+-----------+-------+
[[0;32m  OK  [0m] Reached target Cloud-config availability.
[   22.358302] cloud-init[977]: Generating public/private rsa key pair.
[   22.366178] cloud-init[977]: Your identification has been saved in /etc/ssh/ssh_host_rsa_key.
[   22.366482] cloud-init[977]: Your public key has been saved in /etc/ssh/ssh_host_rsa_key.pub.
[   22.366775] cloud-init[977]: The key fingerprint is:
[   22.367301] cloud-init[977]: SHA256:rYNMMdY7XjY586wrPiE8dQRsWlWztKEofiEawZftKhQ root@ubuntu-xenial
[   22.368247] cloud-init[977]: The key's randomart image is:
[   22.368460] cloud-init[977]: +---[RSA 2048]----+
[   22.369006] cloud-init[977]: |   ..  +.o..=    |
[   22.369527] cloud-init[977]: |    E.o.=..o =   |
[   22.370302] cloud-init[977]: |    .o*=+.. o    |
[   22.371245] cloud-init[977]: |    .=.=o+..     |
[   22.371818] cloud-init[977]: |   ...ooS.O      |
[   22.372242] cloud-init[977]: |    .o=+.= *     |
[   22.372437] cloud-init[977]: |     .oo+.  o    |
[   22.372866] cloud-init[977]: |        o. .     |
[   22.373576] cloud-init[977]: |       ..oo.     |
[   22.373967] cloud-init[977]: +----[SHA256]-----+
[   22.374882] cloud-init[977]: Generating public/private dsa key pair.
[   22.375666] cloud-init[977]: Your identification has been saved in /etc/ssh/ssh_host_dsa_key.
[   22.376653] cloud-init[977]: Your public key has been saved in /etc/ssh/ssh_host_dsa_key.pub.
[   22.377299] cloud-init[977]: The key fingerprint is:
[   22.377651] cloud-init[977]: SHA256:tAT9TghsZNFRGJVGhKiHu++wVWVcmvkV7UQtrbCX23g root@ubuntu-xenial
[   22.378109] cloud-init[977]: The key's randomart image is:
[[   22.378852] cloud-init[977]: +---[DSA 1024]----+
[0;32m  OK  [0m] Reached target System Initialization.
[   22.386625] cloud-init[977]: |     o==oX=.. .+o|
[   22.386978] cloud-init[977]: |     .=.=.o=. ..=|
[   22.387675] cloud-init[977]: |     + .o+B  o.* |
[   22.388219] cloud-init[977]: |    o .o.+o...+ .|
[   22.388731] cloud-init[977]: |     o  So  .. + |
[   22.389170] cloud-init[977]: |    .  .  .   o E|
[   22.390000] cloud-init[977]: |    ...        . |
[[0;32m  OK  [0m] Listening on ACPID Listen Socket.
[[0;32m  OK  [0m] Started Daily Cleanup of Temporary Directories.
[[0;32m  OK  [0m] Started Ubuntu Advantage update messaging.
[[0;32m  OK  [0m] Listening on D-Bus System Message Bus Socket.
[   22.390897] cloud-init[977]: |    .+           |
[   22.437194] cloud-init[977]: |    .oo          |
[   22.437847] cloud-init[977]: +----[SHA256]-----+
[   22.439007] cloud-init[977]: Generating public/private ecdsa key pair.
[   22.439674] cloud-init[977]: Your identification has been saved in /etc/ssh/ssh_host_ecdsa_key.
[   22.441383] cloud-init[977]: Your public key has been saved in /etc/ssh/ssh_host_ecdsa_key.pub.
[   22.443705] cloud-init[977]: The key fingerprint is:
[[0;32m  OK  [0m] Started Message of the Day.
[[0;32m  OK  [0m] Listening on UUID daemon activation socket.
[   22.445003]          Starting Socket activation for snappy daemon.
cloud-init[977]: SHA256:Jd4DsbAfyIVUztfP5SwMbiC0Levna5mahOFkAKYKFho root@ubuntu-xenial
         Starting LXD - unix socket.
[   22.479274] cloud-init[977]: The key's randomart image is:
[[0;32m  OK  [0m] Started ACPI Events Check.
[   22.492441] [[0;32m  OK  [0m] Reached target Paths.
[[0;32m  OK  [0m] Started Daily apt download activities.
cloud-init[977]: +---[ECDSA 256]---+
[[0;32m  OK  [0m] Started Daily apt upgrade and clean activities.
[[0;32m  OK  [0m] Reached target Timers.
[   22.504802] cloud-init[977]: |E.o  .oo=        |
[[0;32m  OK  [0m] Listening on Socket activation for snappy daemon.
[[0;32m  OK  [0m] Listening on LXD - unix socket.
[   22.519317] [[0;32m  OK  [0m] Reached target Sockets.
[[0;32m  OK  [0m] Reached target Basic System.
cloud-init[977]: |.+.. ..O = .     |
         Starting /etc/rc.local Compatibility...
[   22.545098] cloud-init[[0;32m  OK  [0m] Started FUSE filesystem for LXC.
[[0;32m  OK  [0m] Started Deferred execution scheduler.
         Starting Accounts Service...
[977]: |+.  . + @ = o   .|
[   22.571618]          Starting System Logging Service...
[[0;32m  OK  [0m] Started ACPI event daemon.
         Starting Pollinate to seed the pseudo random number generator...
[[0;32m  OK  [0m] Started Regular background program processing daemon.
         Starting Virtualbox guest utils...
cloud-init[977]: |+    . o @ o = + |
         Starting Login Service...
         Starting LXD - container startup/shutdown...
         Starting LSB: Record successful boot for GRUB...
[[0;32m  OK  [0m] Started D-Bus System Message Bus.
[   22.619790] cloud-init[977]: |.     + S o o = o|
[   22.674111] cloud-init[977]: |     + +   o   . |
[   22.701760] cloud-init[977]: |      o o .o     |
[   22.734337] cloud-init[977]: |       . ++      |
[   22.749809] cloud-init[977]: |        ooo.     |
[   22.767042] cloud-init[977]: +----[SHA256]-----+
[   22.775277] cloud-init[977]: Generating public/private ed25519 key pair.
[   22.785478] cloud-init[977]: Your identification has been saved in /etc/ssh/ssh_host_ed25519_key.
[   22.800923] cloud-init[977]: Your public key has been saved in /etc/ssh/ssh_host_ed25519_key.pub.
[   22.808835] cloud-init[977]: The key fingerprint is:
[   22.817973] cloud-init[977]: SHA256:1Cf3nz8RgbJu+GJsb8O/liyi887CkXS7KkvNg+v20/A root@ubuntu-xenial
[   22.829245] cloud-init[977]: The key's randomart image is:         Starting Snap Daemon...

         Starting LSB: MD monitoring daemon...
[[0;32m  OK  [0m] Started System Logging Service.
[[0;32m  OK  [0m] Started iSCSI initiator daemon (iscsid).
[[0;32m  OK  [0m] Started /etc/rc.local Compatibility.
[   22.866496] cloud-init[977]: +--[ED25519 256]--+
[   22.921106] cloud-init[977]: |              .  |
[   22.952002] cloud-init[977]: |         . . . . |         Starting Authenticate and Authorize Users to Run Privileged Tasks...
         Starting Login to default iSCSI targets...
[[0;32m  OK  [0m] Started Login Service.

[[0;32m  OK  [0m] Started Unattended Upgrades Shutdown.
[   23.046426] cloud-init[977]: |        . o =   .|
[[0;32m  OK  [0m] Started LXD - container startup/shutdown.
[[0;32m  OK  [0m] Started LSB: Record successful boot for GRUB.
[   23.064860] cloud-init[977]: |       o . = . . |
[   23.069750] cloud-init[977]: |      . S +   . .|
[   23.071896] cloud-init[977]: |      ++ o o   o.|
[   23.075303] cloud-init[977]: |     o.+* = . ..o|
[   23.081282] cloud-init[977]: |    .o.=oE * + ..|
[[0;32m  OK  [0m] Started LSB: MD monitoring daemon.
[   23.101805] cloud-init[[0;32m  OK  [0m[977]: ] |    o+++@+=.=o. o|Started Login to default iSCSI targets.

[   23.107801] [[0;32m  OK  [0m] Reached target Remote File Systems (Pre).
[[0;32m  OK  [0m] Reached target Remote File Systems.
cloud-init[977]: +----[SHA256]-----+         Starting LSB: automatic crash report generation...

         Starting LSB: Set the CPU Frequency Scaling governor to "ondemand"...
         Starting Permit User Sessions...
         Starting LSB: daemon to balance interrupts for SMP systems...
[[0;32m  OK  [0m] Started Permit User Sessions.
         Starting Terminate Plymouth Boot Screen...
         Starting Hold until boot process finishes up...
[[0;32m  OK  [0m] Started Terminate Plymouth Boot Screen.
[[0;32m  OK  [0m] Started Hold until boot process finishes up.
[[0;32m  OK  [0m] Started Authenticate and Authorize Users to Run Privileged Tasks.
[[0;32m  OK  [0m] Started Accounts Service.
[[0;32m  OK  [0m] Started Serial Getty on ttyS0.
[[0;32m  OK  [0m] Started Getty on tty1.
[[0;32m  OK  [0m] Reached target Login Prompts.
         Starting Set console scheme...
[[0;32m  OK  [0m] Started LSB: Set the CPU Frequency Scaling governor to "ondemand".
[[0;32m  OK  [0m] Started Set console scheme.
[[0;32m  OK  [0m] Started LSB: automatic crash report generation.
[[0;32m  OK  [0m] Started LSB: daemon to balance interrupts for SMP systems.
[[0;32m  OK  [0m] Started Virtualbox guest utils.
[[0;32m  OK  [0m] Started Snap Daemon.
         Starting Wait until snapd is fully seeded...
[[0;32m  OK  [0m] Started Pollinate to seed the pseudo random number generator.
         Starting OpenBSD Secure Shell server...
[[0;32m  OK  [0m] Started OpenBSD Secure Shell server.
[[0;32m  OK  [0m] Started Wait until snapd is fully seeded.
         Starting Apply the settings specified in cloud-config...
[[0;32m  OK  [0m] Reached target Multi-User System.
[[0;32m  OK  [0m] Reached target Graphical Interface.
         Starting Update UTMP about System Runlevel Changes...
[[0;32m  OK  [0m] Started Update UTMP about System Runlevel Changes.
[[0;32m  OK  [0m] Created slice User Slice of vagrant.
         Starting User Manager for UID 1000...
[[0;32m  OK  [0m] Started Session 1 of user vagrant.
[[0;32m  OK  [0m] Started User Manager for UID 1000.
[   27.360750] cloud-init[1331]: Generating locales (this might take a while)...

Ubuntu 16.04.7 LTS ubuntu-xenial ttyS0

ubuntu-xenial login: [   30.207821] cloud-init[1331]:   en_US.UTF-8... done
[   30.220328] cloud-init[1331]: Generation complete.
[   31.762725] cloud-init[1331]: Cloud-init v. 21.1-19-gbad84ad4-0ubuntu1~16.04.2 running 'modules:config' at Wed, 23 Mar 2022 19:55:29 +0000. Up 26.90 seconds.
ci-info: no authorized SSH keys fingerprints found for user ubuntu.
<14>Mar 23 19:55:36 ec2: 
<14>Mar 23 19:55:36 ec2: #############################################################
<14>Mar 23 19:55:36 ec2: -----BEGIN SSH HOST KEY FINGERPRINTS-----
<14>Mar 23 19:55:36 ec2: 1024 SHA256:tAT9TghsZNFRGJVGhKiHu++wVWVcmvkV7UQtrbCX23g root@ubuntu-xenial (DSA)
<14>Mar 23 19:55:36 ec2: 256 SHA256:Jd4DsbAfyIVUztfP5SwMbiC0Levna5mahOFkAKYKFho root@ubuntu-xenial (ECDSA)
<14>Mar 23 19:55:36 ec2: 256 SHA256:1Cf3nz8RgbJu+GJsb8O/liyi887CkXS7KkvNg+v20/A root@ubuntu-xenial (ED25519)
<14>Mar 23 19:55:36 ec2: 2048 SHA256:rYNMMdY7XjY586wrPiE8dQRsWlWztKEofiEawZftKhQ root@ubuntu-xenial (RSA)
<14>Mar 23 19:55:36 ec2: -----END SSH HOST KEY FINGERPRINTS-----
<14>Mar 23 19:55:36 ec2: #############################################################
-----BEGIN SSH HOST KEY KEYS-----
ecdsa-sha2-nistp256 AAAAE2VjZHNhLXNoYTItbmlzdHAyNTYAAAAIbmlzdHAyNTYAAABBBC75SHubywqhAAX6u1hmc5tiWulWdUhRne2PCmyRqfazeF/CotWTxK950HMubK9DE3IueQPKd59rQRVlWu/rNTU= root@ubuntu-xenial
ssh-ed25519 AAAAC3NzaC1lZDI1NTE5AAAAIDsbOR74Y8z/gThYgbthrE5+43CK/qfdos5qw/SMj/oO root@ubuntu-xenial
ssh-rsa AAAAB3NzaC1yc2EAAAADAQABAAABAQDnHc4F/22dnIOdf/EKHS7f7i6psuA8e+bPa08jK1w2ffkUXrCapREeVPjukU7OE13avB1ZD2kuWG4StNLmEqSOZ49HdoC6M/MTgZ+IE7DIyXY2V+hBQsEhIZCwRX3vKuuyUvAlZlf6M3p5uhdjDvxBPQGpUQGIcqQA9aBfNAhT9WaXe5p1luWl8+4ENHY9/Vi6v0mFj0hAqAwUDDg0FloHnSTBA6Aw63Vq+Ly2N392lLrmvbJiOIDFg3ZqJtAbbVKutTgvncXC8Fg7qwcSRepSWhrzvJfaShQjOQkdR4rSbn9TdtMdL5RSfE/F4Mc2s/m923m2NHg0VafvzoJwLHyP root@ubuntu-xenial
-----END SSH HOST KEY KEYS-----
[   33.871673] cloud-init[1585]: Cloud-init v. 21.1-19-gbad84ad4-0ubuntu1~16.04.2 running 'modules:final' at Wed, 23 Mar 2022 19:55:36 +0000. Up 33.28 seconds.
[   33.881288] cloud-init[1585]: ci-info: no authorized SSH keys fingerprints found for user ubuntu.
[   33.886879] cloud-init[1585]: Cloud-init v. 21.1-19-gbad84ad4-0ubuntu1~16.04.2 finished at Wed, 23 Mar 2022 19:55:36 +0000. Datasource DataSourceNoCloud [seed=/dev/sdb][dsmode=net].  Up 33.83 seconds
